<?xml version="1.0" encoding="UTF-8"?>
<!-- Generated by org.testng.reporters.JUnitReportReporter -->
<testsuite hostname="MSI" failures="0" tests="1" name="MainTest.TestRunner" time="21.240" errors="0" timestamp="2022-09-29T16:10:05 WIB" skipped="0">
  <testcase classname="MainTest.TestRunner" name="runScenario" time="21.240"/>
  <system-out/>
</testsuite> <!-- MainTest.TestRunner -->
